+--------+-----------+--------------------------------------------------------------+------------------------------------+------------------------------------------------------------------------+----------------------------------------------+
| Domain | Method    | URI                                                          | Name                               | Action                                                                 | Middleware                                   |
+--------+-----------+--------------------------------------------------------------+------------------------------------+------------------------------------------------------------------------+----------------------------------------------+
|        | GET|HEAD  | /                                                            |                                    | Closure                                                                | web                                          |
|        | GET|HEAD  | _debugbar/assets/javascript                                  | debugbar.assets.js                 | Barryvdh\Debugbar\Controllers\AssetController@js                       | Barryvdh\Debugbar\Middleware\DebugbarEnabled |
|        |           |                                                              |                                    |                                                                        | Closure                                      |
|        | GET|HEAD  | _debugbar/assets/stylesheets                                 | debugbar.assets.css                | Barryvdh\Debugbar\Controllers\AssetController@css                      | Barryvdh\Debugbar\Middleware\DebugbarEnabled |
|        |           |                                                              |                                    |                                                                        | Closure                                      |
|        | DELETE    | _debugbar/cache/{key}/{tags?}                                | debugbar.cache.delete              | Barryvdh\Debugbar\Controllers\CacheController@delete                   | Barryvdh\Debugbar\Middleware\DebugbarEnabled |
|        |           |                                                              |                                    |                                                                        | Closure                                      |
|        | GET|HEAD  | _debugbar/clockwork/{id}                                     | debugbar.clockwork                 | Barryvdh\Debugbar\Controllers\OpenHandlerController@clockwork          | Barryvdh\Debugbar\Middleware\DebugbarEnabled |
|        |           |                                                              |                                    |                                                                        | Closure                                      |
|        | GET|HEAD  | _debugbar/open                                               | debugbar.openhandler               | Barryvdh\Debugbar\Controllers\OpenHandlerController@handle             | Barryvdh\Debugbar\Middleware\DebugbarEnabled |
|        |           |                                                              |                                    |                                                                        | Closure                                      |
|        | GET|HEAD  | _debugbar/telescope/{id}                                     | debugbar.telescope                 | Barryvdh\Debugbar\Controllers\TelescopeController@show                 | Barryvdh\Debugbar\Middleware\DebugbarEnabled |
|        |           |                                                              |                                    |                                                                        | Closure                                      |
|        | GET|HEAD  | api/user                                                     |                                    | Closure                                                                | api                                          |
|        |           |                                                              |                                    |                                                                        | App\Http\Middleware\Authenticate:api         |
|        | GET|HEAD  | arahan_surat                                                 | arahan_surat.index                 | App\Http\Controllers\Surat\ArahanSuratController@index                 | web                                          |
|        | POST      | arahan_surat                                                 | arahan_surat.store                 | App\Http\Controllers\Surat\ArahanSuratController@store                 | web                                          |
|        | GET|HEAD  | arahan_surat/create                                          | arahan_surat.create                | App\Http\Controllers\Surat\ArahanSuratController@create                | web                                          |
|        | GET|HEAD  | arahan_surat/{arahan_surat}                                  | arahan_surat.show                  | App\Http\Controllers\Surat\ArahanSuratController@show                  | web                                          |
|        | PUT|PATCH | arahan_surat/{arahan_surat}                                  | arahan_surat.update                | App\Http\Controllers\Surat\ArahanSuratController@update                | web                                          |
|        | DELETE    | arahan_surat/{arahan_surat}                                  | arahan_surat.destroy               | App\Http\Controllers\Surat\ArahanSuratController@destroy               | web                                          |
|        | GET|HEAD  | arahan_surat/{arahan_surat}/edit                             | arahan_surat.edit                  | App\Http\Controllers\Surat\ArahanSuratController@edit                  | web                                          |
|        | GET|HEAD  | asal_ekspedisi_surat_masuk                                   | asal_ekspedisi_surat_masuk.index   | App\Http\Controllers\Surat\AsalEkspedisiSuratMasukController@index     | web                                          |
|        | POST      | asal_ekspedisi_surat_masuk                                   | asal_ekspedisi_surat_masuk.store   | App\Http\Controllers\Surat\AsalEkspedisiSuratMasukController@store     | web                                          |
|        | GET|HEAD  | asal_ekspedisi_surat_masuk/create                            | asal_ekspedisi_surat_masuk.create  | App\Http\Controllers\Surat\AsalEkspedisiSuratMasukController@create    | web                                          |
|        | GET|HEAD  | asal_ekspedisi_surat_masuk/{asal_ekspedisi_surat_masuk}      | asal_ekspedisi_surat_masuk.show    | App\Http\Controllers\Surat\AsalEkspedisiSuratMasukController@show      | web                                          |
|        | PUT|PATCH | asal_ekspedisi_surat_masuk/{asal_ekspedisi_surat_masuk}      | asal_ekspedisi_surat_masuk.update  | App\Http\Controllers\Surat\AsalEkspedisiSuratMasukController@update    | web                                          |
|        | DELETE    | asal_ekspedisi_surat_masuk/{asal_ekspedisi_surat_masuk}      | asal_ekspedisi_surat_masuk.destroy | App\Http\Controllers\Surat\AsalEkspedisiSuratMasukController@destroy   | web                                          |
|        | GET|HEAD  | asal_ekspedisi_surat_masuk/{asal_ekspedisi_surat_masuk}/edit | asal_ekspedisi_surat_masuk.edit    | App\Http\Controllers\Surat\AsalEkspedisiSuratMasukController@edit      | web                                          |
|        | GET|HEAD  | broadcastemail                                               |                                    | App\Http\Controllers\SendemailController@toMembers                     | web                                          |
|        | GET|HEAD  | cobaUnitTest                                                 |                                    | Closure                                                                | web                                          |
|        | GET|HEAD  | counter_surat                                                | counter_surat.index                | App\Http\Controllers\Surat\CounterSuratController@index                | web                                          |
|        | POST      | counter_surat                                                | counter_surat.store                | App\Http\Controllers\Surat\CounterSuratController@store                | web                                          |
|        | GET|HEAD  | counter_surat/create                                         | counter_surat.create               | App\Http\Controllers\Surat\CounterSuratController@create               | web                                          |
|        | GET|HEAD  | counter_surat/{counter_surat}                                | counter_surat.show                 | App\Http\Controllers\Surat\CounterSuratController@show                 | web                                          |
|        | PUT|PATCH | counter_surat/{counter_surat}                                | counter_surat.update               | App\Http\Controllers\Surat\CounterSuratController@update               | web                                          |
|        | DELETE    | counter_surat/{counter_surat}                                | counter_surat.destroy              | App\Http\Controllers\Surat\CounterSuratController@destroy              | web                                          |
|        | GET|HEAD  | counter_surat/{counter_surat}/edit                           | counter_surat.edit                 | App\Http\Controllers\Surat\CounterSuratController@edit                 | web                                          |
|        | GET|HEAD  | file_surat_keluar                                            | file_surat_keluar.index            | App\Http\Controllers\Surat\FileSuratKeluarController@index             | web                                          |
|        | POST      | file_surat_keluar                                            | file_surat_keluar.store            | App\Http\Controllers\Surat\FileSuratKeluarController@store             | web                                          |
|        | GET|HEAD  | file_surat_keluar/create                                     | file_surat_keluar.create           | App\Http\Controllers\Surat\FileSuratKeluarController@create            | web                                          |
|        | GET|HEAD  | file_surat_keluar/{file_surat_keluar}                        | file_surat_keluar.show             | App\Http\Controllers\Surat\FileSuratKeluarController@show              | web                                          |
|        | PUT|PATCH | file_surat_keluar/{file_surat_keluar}                        | file_surat_keluar.update           | App\Http\Controllers\Surat\FileSuratKeluarController@update            | web                                          |
|        | DELETE    | file_surat_keluar/{file_surat_keluar}                        | file_surat_keluar.destroy          | App\Http\Controllers\Surat\FileSuratKeluarController@destroy           | web                                          |
|        | GET|HEAD  | file_surat_keluar/{file_surat_keluar}/edit                   | file_surat_keluar.edit             | App\Http\Controllers\Surat\FileSuratKeluarController@edit              | web                                          |
|        | GET|HEAD  | file_tanggapan                                               | file_tanggapan.index               | App\Http\Controllers\Surat\FileTanggapanController@index               | web                                          |
|        | POST      | file_tanggapan                                               | file_tanggapan.store               | App\Http\Controllers\Surat\FileTanggapanController@store               | web                                          |
|        | GET|HEAD  | file_tanggapan/create                                        | file_tanggapan.create              | App\Http\Controllers\Surat\FileTanggapanController@create              | web                                          |
|        | GET|HEAD  | file_tanggapan/{file_tanggapan}                              | file_tanggapan.show                | App\Http\Controllers\Surat\FileTanggapanController@show                | web                                          |
|        | PUT|PATCH | file_tanggapan/{file_tanggapan}                              | file_tanggapan.update              | App\Http\Controllers\Surat\FileTanggapanController@update              | web                                          |
|        | DELETE    | file_tanggapan/{file_tanggapan}                              | file_tanggapan.destroy             | App\Http\Controllers\Surat\FileTanggapanController@destroy             | web                                          |
|        | GET|HEAD  | file_tanggapan/{file_tanggapan}/edit                         | file_tanggapan.edit                | App\Http\Controllers\Surat\FileTanggapanController@edit                | web                                          |
|        | GET|HEAD  | genID                                                        |                                    | Closure                                                                | web                                          |
|        | GET|HEAD  | getAllPermission                                             |                                    | App\Http\Controllers\PermissionController@getAllPermissions            | web                                          |
|        |           |                                                              |                                    |                                                                        | App\Http\Middleware\Authenticate             |
|        | GET|HEAD  | home                                                         | home                               | App\Http\Controllers\HomeController@index                              | web                                          |
|        |           |                                                              |                                    |                                                                        | App\Http\Middleware\Authenticate             |
|        | GET|HEAD  | inbox                                                        |                                    | App\Http\Controllers\EmailController@inbox                             | web                                          |
|        | GET|HEAD  | jenis_disposisi                                              | jenis_disposisi.index              | App\Http\Controllers\Surat\JenisDisposisiController@index              | web                                          |
|        | POST      | jenis_disposisi                                              | jenis_disposisi.store              | App\Http\Controllers\Surat\JenisDisposisiController@store              | web                                          |
|        | GET|HEAD  | jenis_disposisi/create                                       | jenis_disposisi.create             | App\Http\Controllers\Surat\JenisDisposisiController@create             | web                                          |
|        | GET|HEAD  | jenis_disposisi/{jenis_disposisi}                            | jenis_disposisi.show               | App\Http\Controllers\Surat\JenisDisposisiController@show               | web                                          |
|        | PUT|PATCH | jenis_disposisi/{jenis_disposisi}                            | jenis_disposisi.update             | App\Http\Controllers\Surat\JenisDisposisiController@update             | web                                          |
|        | DELETE    | jenis_disposisi/{jenis_disposisi}                            | jenis_disposisi.destroy            | App\Http\Controllers\Surat\JenisDisposisiController@destroy            | web                                          |
|        | GET|HEAD  | jenis_disposisi/{jenis_disposisi}/edit                       | jenis_disposisi.edit               | App\Http\Controllers\Surat\JenisDisposisiController@edit               | web                                          |
|        | GET|HEAD  | jenis_file                                                   | jenis_file.index                   | App\Http\Controllers\Surat\JenisFileController@index                   | web                                          |
|        | POST      | jenis_file                                                   | jenis_file.store                   | App\Http\Controllers\Surat\JenisFileController@store                   | web                                          |
|        | GET|HEAD  | jenis_file/create                                            | jenis_file.create                  | App\Http\Controllers\Surat\JenisFileController@create                  | web                                          |
|        | GET|HEAD  | jenis_file/{jenis_file}                                      | jenis_file.show                    | App\Http\Controllers\Surat\JenisFileController@show                    | web                                          |
|        | PUT|PATCH | jenis_file/{jenis_file}                                      | jenis_file.update                  | App\Http\Controllers\Surat\JenisFileController@update                  | web                                          |
|        | DELETE    | jenis_file/{jenis_file}                                      | jenis_file.destroy                 | App\Http\Controllers\Surat\JenisFileController@destroy                 | web                                          |
|        | GET|HEAD  | jenis_file/{jenis_file}/edit                                 | jenis_file.edit                    | App\Http\Controllers\Surat\JenisFileController@edit                    | web                                          |
|        | GET|HEAD  | jenis_surat_masuk                                            | jenis_surat_masuk.index            | App\Http\Controllers\Surat\JenisSuratMasukController@index             | web                                          |
|        | POST      | jenis_surat_masuk                                            | jenis_surat_masuk.store            | App\Http\Controllers\Surat\JenisSuratMasukController@store             | web                                          |
|        | GET|HEAD  | jenis_surat_masuk/create                                     | jenis_surat_masuk.create           | App\Http\Controllers\Surat\JenisSuratMasukController@create            | web                                          |
|        | GET|HEAD  | jenis_surat_masuk/{jenis_surat_masuk}                        | jenis_surat_masuk.show             | App\Http\Controllers\Surat\JenisSuratMasukController@show              | web                                          |
|        | PUT|PATCH | jenis_surat_masuk/{jenis_surat_masuk}                        | jenis_surat_masuk.update           | App\Http\Controllers\Surat\JenisSuratMasukController@update            | web                                          |
|        | DELETE    | jenis_surat_masuk/{jenis_surat_masuk}                        | jenis_surat_masuk.destroy          | App\Http\Controllers\Surat\JenisSuratMasukController@destroy           | web                                          |
|        | GET|HEAD  | jenis_surat_masuk/{jenis_surat_masuk}/edit                   | jenis_surat_masuk.edit             | App\Http\Controllers\Surat\JenisSuratMasukController@edit              | web                                          |
|        | GET|HEAD  | kirim-email                                                  |                                    | App\Http\Controllers\EmailController@index                             | web                                          |
|        | GET|HEAD  | login                                                        | login                              | App\Http\Controllers\Auth\LoginController@showLoginForm                | web                                          |
|        |           |                                                              |                                    |                                                                        | App\Http\Middleware\RedirectIfAuthenticated  |
|        | POST      | login                                                        |                                    | App\Http\Controllers\Auth\LoginController@login                        | web                                          |
|        |           |                                                              |                                    |                                                                        | App\Http\Middleware\RedirectIfAuthenticated  |
|        | POST      | logout                                                       | logout                             | App\Http\Controllers\Auth\LoginController@logout                       | web                                          |
|        | GET|HEAD  | memo_disposisi                                               | memo_disposisi.index               | App\Http\Controllers\Surat\MemoDisposisiController@index               | web                                          |
|        | POST      | memo_disposisi                                               | memo_disposisi.store               | App\Http\Controllers\Surat\MemoDisposisiController@store               | web                                          |
|        | GET|HEAD  | memo_disposisi/create                                        | memo_disposisi.create              | App\Http\Controllers\Surat\MemoDisposisiController@create              | web                                          |
|        | GET|HEAD  | memo_disposisi/{memo_disposisi}                              | memo_disposisi.show                | App\Http\Controllers\Surat\MemoDisposisiController@show                | web                                          |
|        | PUT|PATCH | memo_disposisi/{memo_disposisi}                              | memo_disposisi.update              | App\Http\Controllers\Surat\MemoDisposisiController@update              | web                                          |
|        | DELETE    | memo_disposisi/{memo_disposisi}                              | memo_disposisi.destroy             | App\Http\Controllers\Surat\MemoDisposisiController@destroy             | web                                          |
|        | GET|HEAD  | memo_disposisi/{memo_disposisi}/edit                         | memo_disposisi.edit                | App\Http\Controllers\Surat\MemoDisposisiController@edit                | web                                          |
|        | GET|HEAD  | password/change                                              | userGetPassword                    | App\Http\Controllers\UserController@getPassword                        | web                                          |
|        | POST      | password/change                                              | userPostPassword                   | App\Http\Controllers\UserController@postPassword                       | web                                          |
|        | GET|HEAD  | password/confirm                                             | password.confirm                   | App\Http\Controllers\Auth\ConfirmPasswordController@showConfirmForm    | web                                          |
|        |           |                                                              |                                    |                                                                        | App\Http\Middleware\Authenticate             |
|        | POST      | password/confirm                                             |                                    | App\Http\Controllers\Auth\ConfirmPasswordController@confirm            | web                                          |
|        |           |                                                              |                                    |                                                                        | App\Http\Middleware\Authenticate             |
|        | POST      | password/email                                               | password.email                     | App\Http\Controllers\Auth\ForgotPasswordController@sendResetLinkEmail  | web                                          |
|        | GET|HEAD  | password/reset                                               | password.request                   | App\Http\Controllers\Auth\ForgotPasswordController@showLinkRequestForm | web                                          |
|        | POST      | password/reset                                               | password.update                    | App\Http\Controllers\Auth\ResetPasswordController@reset                | web                                          |
|        | GET|HEAD  | password/reset/{token}                                       | password.reset                     | App\Http\Controllers\Auth\ResetPasswordController@showResetForm        | web                                          |
|        | GET|HEAD  | permission                                                   | permission.index                   | App\Http\Controllers\PermissionController@index                        | web                                          |
|        |           |                                                              |                                    |                                                                        | App\Http\Middleware\Authenticate             |
|        | POST      | permission                                                   | permission.store                   | App\Http\Controllers\PermissionController@store                        | web                                          |
|        |           |                                                              |                                    |                                                                        | App\Http\Middleware\Authenticate             |
|        | GET|HEAD  | permission/create                                            | permission.create                  | App\Http\Controllers\PermissionController@create                       | web                                          |
|        |           |                                                              |                                    |                                                                        | App\Http\Middleware\Authenticate             |
|        | GET|HEAD  | permission/{permission}                                      | permission.show                    | App\Http\Controllers\PermissionController@show                         | web                                          |
|        |           |                                                              |                                    |                                                                        | App\Http\Middleware\Authenticate             |
|        | PUT|PATCH | permission/{permission}                                      | permission.update                  | App\Http\Controllers\PermissionController@update                       | web                                          |
|        |           |                                                              |                                    |                                                                        | App\Http\Middleware\Authenticate             |
|        | DELETE    | permission/{permission}                                      | permission.destroy                 | App\Http\Controllers\PermissionController@destroy                      | web                                          |
|        |           |                                                              |                                    |                                                                        | App\Http\Middleware\Authenticate             |
|        | GET|HEAD  | permission/{permission}/edit                                 | permission.edit                    | App\Http\Controllers\PermissionController@edit                         | web                                          |
|        |           |                                                              |                                    |                                                                        | App\Http\Middleware\Authenticate             |
|        | POST      | postRole                                                     |                                    | App\Http\Controllers\RoleController@store                              | web                                          |
|        |           |                                                              |                                    |                                                                        | App\Http\Middleware\Authenticate             |
|        | POST      | profile                                                      | user.postProfile                   | App\Http\Controllers\UserController@postProfile                        | web                                          |
|        | GET|HEAD  | register                                                     | register                           | App\Http\Controllers\Auth\RegisterController@showRegistrationForm      | web                                          |
|        |           |                                                              |                                    |                                                                        | App\Http\Middleware\RedirectIfAuthenticated  |
|        | POST      | register                                                     |                                    | App\Http\Controllers\Auth\RegisterController@register                  | web                                          |
|        |           |                                                              |                                    |                                                                        | App\Http\Middleware\RedirectIfAuthenticated  |
|        | GET|HEAD  | role                                                         | role.index                         | App\Http\Controllers\RoleController@index                              | web                                          |
|        |           |                                                              |                                    |                                                                        | App\Http\Middleware\Authenticate             |
|        | POST      | role                                                         | role.store                         | App\Http\Controllers\RoleController@store                              | web                                          |
|        |           |                                                              |                                    |                                                                        | App\Http\Middleware\Authenticate             |
|        | GET|HEAD  | role/create                                                  | role.create                        | App\Http\Controllers\RoleController@create                             | web                                          |
|        |           |                                                              |                                    |                                                                        | App\Http\Middleware\Authenticate             |
|        | GET|HEAD  | role/{role}                                                  | role.show                          | App\Http\Controllers\RoleController@show                               | web                                          |
|        |           |                                                              |                                    |                                                                        | App\Http\Middleware\Authenticate             |
|        | PUT|PATCH | role/{role}                                                  | role.update                        | App\Http\Controllers\RoleController@update                             | web                                          |
|        |           |                                                              |                                    |                                                                        | App\Http\Middleware\Authenticate             |
|        | DELETE    | role/{role}                                                  | role.destroy                       | App\Http\Controllers\RoleController@destroy                            | web                                          |
|        |           |                                                              |                                    |                                                                        | App\Http\Middleware\Authenticate             |
|        | GET|HEAD  | role/{role}/edit                                             | role.edit                          | App\Http\Controllers\RoleController@edit                               | web                                          |
|        |           |                                                              |                                    |                                                                        | App\Http\Middleware\Authenticate             |
|        | GET|HEAD  | sifat_keamanan_surat                                         | sifat_keamanan_surat.index         | App\Http\Controllers\Surat\SifatKeamananSuratController@index          | web                                          |
|        | POST      | sifat_keamanan_surat                                         | sifat_keamanan_surat.store         | App\Http\Controllers\Surat\SifatKeamananSuratController@store          | web                                          |
|        | GET|HEAD  | sifat_keamanan_surat/create                                  | sifat_keamanan_surat.create        | App\Http\Controllers\Surat\SifatKeamananSuratController@create         | web                                          |
|        | GET|HEAD  | sifat_keamanan_surat/{sifat_keamanan_surat}                  | sifat_keamanan_surat.show          | App\Http\Controllers\Surat\SifatKeamananSuratController@show           | web                                          |
|        | PUT|PATCH | sifat_keamanan_surat/{sifat_keamanan_surat}                  | sifat_keamanan_surat.update        | App\Http\Controllers\Surat\SifatKeamananSuratController@update         | web                                          |
|        | DELETE    | sifat_keamanan_surat/{sifat_keamanan_surat}                  | sifat_keamanan_surat.destroy       | App\Http\Controllers\Surat\SifatKeamananSuratController@destroy        | web                                          |
|        | GET|HEAD  | sifat_keamanan_surat/{sifat_keamanan_surat}/edit             | sifat_keamanan_surat.edit          | App\Http\Controllers\Surat\SifatKeamananSuratController@edit           | web                                          |
|        | GET|HEAD  | sifat_penyelesaian_surat                                     | sifat_penyelesaian_surat.index     | App\Http\Controllers\Surat\SifatPenyelesaianSuratController@index      | web                                          |
|        | POST      | sifat_penyelesaian_surat                                     | sifat_penyelesaian_surat.store     | App\Http\Controllers\Surat\SifatPenyelesaianSuratController@store      | web                                          |
|        | GET|HEAD  | sifat_penyelesaian_surat/create                              | sifat_penyelesaian_surat.create    | App\Http\Controllers\Surat\SifatPenyelesaianSuratController@create     | web                                          |
|        | GET|HEAD  | sifat_penyelesaian_surat/{sifat_penyelesaian_surat}          | sifat_penyelesaian_surat.show      | App\Http\Controllers\Surat\SifatPenyelesaianSuratController@show       | web                                          |
|        | PUT|PATCH | sifat_penyelesaian_surat/{sifat_penyelesaian_surat}          | sifat_penyelesaian_surat.update    | App\Http\Controllers\Surat\SifatPenyelesaianSuratController@update     | web                                          |
|        | DELETE    | sifat_penyelesaian_surat/{sifat_penyelesaian_surat}          | sifat_penyelesaian_surat.destroy   | App\Http\Controllers\Surat\SifatPenyelesaianSuratController@destroy    | web                                          |
|        | GET|HEAD  | sifat_penyelesaian_surat/{sifat_penyelesaian_surat}/edit     | sifat_penyelesaian_surat.edit      | App\Http\Controllers\Surat\SifatPenyelesaianSuratController@edit       | web                                          |
|        | GET|HEAD  | status_disposisi                                             | status_disposisi.index             | App\Http\Controllers\Surat\StatusDisposisiController@index             | web                                          |
|        | POST      | status_disposisi                                             | status_disposisi.store             | App\Http\Controllers\Surat\StatusDisposisiController@store             | web                                          |
|        | GET|HEAD  | status_disposisi/create                                      | status_disposisi.create            | App\Http\Controllers\Surat\StatusDisposisiController@create            | web                                          |
|        | GET|HEAD  | status_disposisi/{status_disposisi}                          | status_disposisi.show              | App\Http\Controllers\Surat\StatusDisposisiController@show              | web                                          |
|        | PUT|PATCH | status_disposisi/{status_disposisi}                          | status_disposisi.update            | App\Http\Controllers\Surat\StatusDisposisiController@update            | web                                          |
|        | DELETE    | status_disposisi/{status_disposisi}                          | status_disposisi.destroy           | App\Http\Controllers\Surat\StatusDisposisiController@destroy           | web                                          |
|        | GET|HEAD  | status_disposisi/{status_disposisi}/edit                     | status_disposisi.edit              | App\Http\Controllers\Surat\StatusDisposisiController@edit              | web                                          |
|        | POST      | surat/ceknomorsurat                                          | surat.ceknomorsurat                | App\Http\Controllers\Surat\SuratMasukController@cekNomorSurat          | web                                          |
|        |           |                                                              |                                    |                                                                        | App\Http\Middleware\Authenticate             |
|        | GET|HEAD  | surat/diskusi_surat                                          | diskusi_surat.index                | App\Http\Controllers\Surat\DiskusiSuratController@index                | web                                          |
|        | POST      | surat/diskusi_surat                                          | diskusi_surat.store                | App\Http\Controllers\Surat\DiskusiSuratController@store                | web                                          |
|        | GET|HEAD  | surat/diskusi_surat/create                                   | diskusi_surat.create               | App\Http\Controllers\Surat\DiskusiSuratController@create               | web                                          |
|        | GET|HEAD  | surat/diskusi_surat/{diskusi_surat}                          | diskusi_surat.show                 | App\Http\Controllers\Surat\DiskusiSuratController@show                 | web                                          |
|        | PUT|PATCH | surat/diskusi_surat/{diskusi_surat}                          | diskusi_surat.update               | App\Http\Controllers\Surat\DiskusiSuratController@update               | web                                          |
|        | DELETE    | surat/diskusi_surat/{diskusi_surat}                          | diskusi_surat.destroy              | App\Http\Controllers\Surat\DiskusiSuratController@destroy              | web                                          |
|        | GET|HEAD  | surat/diskusi_surat/{diskusi_surat}/edit                     | diskusi_surat.edit                 | App\Http\Controllers\Surat\DiskusiSuratController@edit                 | web                                          |
|        | GET|HEAD  | surat/disposisi_pimpinan                                     | disposisi_pimpinan.index           | App\Http\Controllers\Surat\DisposisiPimpinanController@index           | web                                          |
|        | POST      | surat/disposisi_pimpinan                                     | disposisi_pimpinan.store           | App\Http\Controllers\Surat\DisposisiPimpinanController@store           | web                                          |
|        | GET|HEAD  | surat/disposisi_pimpinan/create                              | disposisi_pimpinan.create          | App\Http\Controllers\Surat\DisposisiPimpinanController@create          | web                                          |
|        | GET|HEAD  | surat/disposisi_pimpinan/{disposisi_pimpinan}                | disposisi_pimpinan.show            | App\Http\Controllers\Surat\DisposisiPimpinanController@show            | web                                          |
|        | PUT|PATCH | surat/disposisi_pimpinan/{disposisi_pimpinan}                | disposisi_pimpinan.update          | App\Http\Controllers\Surat\DisposisiPimpinanController@update          | web                                          |
|        | DELETE    | surat/disposisi_pimpinan/{disposisi_pimpinan}                | disposisi_pimpinan.destroy         | App\Http\Controllers\Surat\DisposisiPimpinanController@destroy         | web                                          |
|        | GET|HEAD  | surat/disposisi_pimpinan/{disposisi_pimpinan}/edit           | disposisi_pimpinan.edit            | App\Http\Controllers\Surat\DisposisiPimpinanController@edit            | web                                          |
|        | GET|HEAD  | surat/disposisi_surat                                        | disposisi_surat.index              | App\Http\Controllers\Surat\DisposisiSuratController@index              | web                                          |
|        | POST      | surat/disposisi_surat                                        | disposisi_surat.store              | App\Http\Controllers\Surat\DisposisiSuratController@store              | web                                          |
|        | GET|HEAD  | surat/disposisi_surat/create                                 | disposisi_surat.create             | App\Http\Controllers\Surat\DisposisiSuratController@create             | web                                          |
|        | GET|HEAD  | surat/disposisi_surat/{disposisi_surat}                      | disposisi_surat.show               | App\Http\Controllers\Surat\DisposisiSuratController@show               | web                                          |
|        | PUT|PATCH | surat/disposisi_surat/{disposisi_surat}                      | disposisi_surat.update             | App\Http\Controllers\Surat\DisposisiSuratController@update             | web                                          |
|        | DELETE    | surat/disposisi_surat/{disposisi_surat}                      | disposisi_surat.destroy            | App\Http\Controllers\Surat\DisposisiSuratController@destroy            | web                                          |
|        | GET|HEAD  | surat/disposisi_surat/{disposisi_surat}/edit                 | disposisi_surat.edit               | App\Http\Controllers\Surat\DisposisiSuratController@edit               | web                                          |
|        | GET|HEAD  | surat/dokumen_surat                                          | dokumen_surat.index                | App\Http\Controllers\Surat\DokumenSuratController@index                | web                                          |
|        | POST      | surat/dokumen_surat                                          | dokumen_surat.store                | App\Http\Controllers\Surat\DokumenSuratController@store                | web                                          |
|        | GET|HEAD  | surat/dokumen_surat/create                                   | dokumen_surat.create               | App\Http\Controllers\Surat\DokumenSuratController@create               | web                                          |
|        | GET|HEAD  | surat/dokumen_surat/{dokumen_surat}                          | dokumen_surat.show                 | App\Http\Controllers\Surat\DokumenSuratController@show                 | web                                          |
|        | PUT|PATCH | surat/dokumen_surat/{dokumen_surat}                          | dokumen_surat.update               | App\Http\Controllers\Surat\DokumenSuratController@update               | web                                          |
|        | DELETE    | surat/dokumen_surat/{dokumen_surat}                          | dokumen_surat.destroy              | App\Http\Controllers\Surat\DokumenSuratController@destroy              | web                                          |
|        | GET|HEAD  | surat/dokumen_surat/{dokumen_surat}/edit                     | dokumen_surat.edit                 | App\Http\Controllers\Surat\DokumenSuratController@edit                 | web                                          |
|        | GET|HEAD  | surat/email                                                  |                                    | App\Http\Controllers\Surat\EmailController@sendDisposisiStatus         | web                                          |
|        | GET|HEAD  | surat/generatesurat/{id}                                     | surat.generatesurat                | App\Http\Controllers\Surat\SuratKeluarKonsepController@generatedocx    | web                                          |
|        |           |                                                              |                                    |                                                                        | App\Http\Middleware\Authenticate             |
|        | GET|HEAD  | surat/getalldisposisi                                        | surat.getalldisposisi              | App\Http\Controllers\Surat\DisposisiSuratController@getAllDisposisi    | web                                          |
|        | GET|HEAD  | surat/jenisFile                                              | jenisFile.index                    | App\Http\Controllers\Surat\JenisFileController@index                   | web                                          |
|        | POST      | surat/jenisFile                                              | jenisFile.store                    | App\Http\Controllers\Surat\JenisFileController@store                   | web                                          |
|        | GET|HEAD  | surat/jenisFile/create                                       | jenisFile.create                   | App\Http\Controllers\Surat\JenisFileController@create                  | web                                          |
|        | GET|HEAD  | surat/jenisFile/{jenisFile}                                  | jenisFile.show                     | App\Http\Controllers\Surat\JenisFileController@show                    | web                                          |
|        | PUT|PATCH | surat/jenisFile/{jenisFile}                                  | jenisFile.update                   | App\Http\Controllers\Surat\JenisFileController@update                  | web                                          |
|        | DELETE    | surat/jenisFile/{jenisFile}                                  | jenisFile.destroy                  | App\Http\Controllers\Surat\JenisFileController@destroy                 | web                                          |
|        | GET|HEAD  | surat/jenisFile/{jenisFile}/edit                             | jenisFile.edit                     | App\Http\Controllers\Surat\JenisFileController@edit                    | web                                          |
|        | POST      | surat/kirimdraft                                             | suratkeluarkonsep.kirimdraft       | App\Http\Controllers\Surat\SuratKeluarKonsepController@kirimdraft      | web                                          |
|        |           |                                                              |                                    |                                                                        | App\Http\Middleware\Authenticate             |
|        | GET|HEAD  | surat/mailbox                                                | mailbox.index                      | App\Http\Controllers\Surat\MailboxController@index                     | web                                          |
|        |           |                                                              |                                    |                                                                        | App\Http\Middleware\Authenticate             |
|        | POST      | surat/mailbox                                                | mailbox.store                      | App\Http\Controllers\Surat\MailboxController@store                     | web                                          |
|        |           |                                                              |                                    |                                                                        | App\Http\Middleware\Authenticate             |
|        | GET|HEAD  | surat/mailbox/create                                         | mailbox.create                     | App\Http\Controllers\Surat\MailboxController@create                    | web                                          |
|        |           |                                                              |                                    |                                                                        | App\Http\Middleware\Authenticate             |
|        | GET|HEAD  | surat/mailbox/{mailbox}                                      | mailbox.show                       | App\Http\Controllers\Surat\MailboxController@show                      | web                                          |
|        |           |                                                              |                                    |                                                                        | App\Http\Middleware\Authenticate             |
|        | PUT|PATCH | surat/mailbox/{mailbox}                                      | mailbox.update                     | App\Http\Controllers\Surat\MailboxController@update                    | web                                          |
|        |           |                                                              |                                    |                                                                        | App\Http\Middleware\Authenticate             |
|        | DELETE    | surat/mailbox/{mailbox}                                      | mailbox.destroy                    | App\Http\Controllers\Surat\MailboxController@destroy                   | web                                          |
|        |           |                                                              |                                    |                                                                        | App\Http\Middleware\Authenticate             |
|        | GET|HEAD  | surat/mailbox/{mailbox}/edit                                 | mailbox.edit                       | App\Http\Controllers\Surat\MailboxController@edit                      | web                                          |
|        |           |                                                              |                                    |                                                                        | App\Http\Middleware\Authenticate             |
|        | GET|HEAD  | surat/suratMasuk                                             | suratMasuk.index                   | App\Http\Controllers\Surat\SuratMasukController@index                  | web                                          |
|        |           |                                                              |                                    |                                                                        | App\Http\Middleware\Authenticate             |
|        | POST      | surat/suratMasuk                                             | suratMasuk.store                   | App\Http\Controllers\Surat\SuratMasukController@store                  | web                                          |
|        |           |                                                              |                                    |                                                                        | App\Http\Middleware\Authenticate             |
|        | GET|HEAD  | surat/suratMasuk/create                                      | suratMasuk.create                  | App\Http\Controllers\Surat\SuratMasukController@create                 | web                                          |
|        |           |                                                              |                                    |                                                                        | App\Http\Middleware\Authenticate             |
|        | GET|HEAD  | surat/suratMasuk/{suratMasuk}                                | suratMasuk.show                    | App\Http\Controllers\Surat\SuratMasukController@show                   | web                                          |
|        |           |                                                              |                                    |                                                                        | App\Http\Middleware\Authenticate             |
|        | PUT|PATCH | surat/suratMasuk/{suratMasuk}                                | suratMasuk.update                  | App\Http\Controllers\Surat\SuratMasukController@update                 | web                                          |
|        |           |                                                              |                                    |                                                                        | App\Http\Middleware\Authenticate             |
|        | DELETE    | surat/suratMasuk/{suratMasuk}                                | suratMasuk.destroy                 | App\Http\Controllers\Surat\SuratMasukController@destroy                | web                                          |
|        |           |                                                              |                                    |                                                                        | App\Http\Middleware\Authenticate             |
|        | GET|HEAD  | surat/suratMasuk/{suratMasuk}/edit                           | suratMasuk.edit                    | App\Http\Controllers\Surat\SuratMasukController@edit                   | web                                          |
|        |           |                                                              |                                    |                                                                        | App\Http\Middleware\Authenticate             |
|        | GET|HEAD  | surat/suratMasukUpload                                       | suratMasuk.upload                  | App\Http\Controllers\Surat\SuratMasukController@upload                 | web                                          |
|        |           |                                                              |                                    |                                                                        | App\Http\Middleware\Authenticate             |
|        | POST      | surat/suratMasukUpload                                       | suratMasuk.proses_upload           | App\Http\Controllers\Surat\SuratMasukController@proses_upload          | web                                          |
|        |           |                                                              |                                    |                                                                        | App\Http\Middleware\Authenticate             |
|        | GET|HEAD  | surat/surat_keluar                                           | surat_keluar.index                 | App\Http\Controllers\Surat\SuratKeluarController@index                 | web                                          |
|        |           |                                                              |                                    |                                                                        | App\Http\Middleware\Authenticate             |
|        | POST      | surat/surat_keluar                                           | surat_keluar.store                 | App\Http\Controllers\Surat\SuratKeluarController@store                 | web                                          |
|        |           |                                                              |                                    |                                                                        | App\Http\Middleware\Authenticate             |
|        | GET|HEAD  | surat/surat_keluar/create                                    | surat_keluar.create                | App\Http\Controllers\Surat\SuratKeluarController@create                | web                                          |
|        |           |                                                              |                                    |                                                                        | App\Http\Middleware\Authenticate             |
|        | GET|HEAD  | surat/surat_keluar/{surat_keluar}                            | surat_keluar.show                  | App\Http\Controllers\Surat\SuratKeluarController@show                  | web                                          |
|        |           |                                                              |                                    |                                                                        | App\Http\Middleware\Authenticate             |
|        | PUT|PATCH | surat/surat_keluar/{surat_keluar}                            | surat_keluar.update                | App\Http\Controllers\Surat\SuratKeluarController@update                | web                                          |
|        |           |                                                              |                                    |                                                                        | App\Http\Middleware\Authenticate             |
|        | DELETE    | surat/surat_keluar/{surat_keluar}                            | surat_keluar.destroy               | App\Http\Controllers\Surat\SuratKeluarController@destroy               | web                                          |
|        |           |                                                              |                                    |                                                                        | App\Http\Middleware\Authenticate             |
|        | GET|HEAD  | surat/surat_keluar/{surat_keluar}/edit                       | surat_keluar.edit                  | App\Http\Controllers\Surat\SuratKeluarController@edit                  | web                                          |
|        |           |                                                              |                                    |                                                                        | App\Http\Middleware\Authenticate             |
|        | GET|HEAD  | surat/surat_keluar_konsep                                    | surat_keluar_konsep.index          | App\Http\Controllers\Surat\SuratKeluarKonsepController@index           | web                                          |
|        |           |                                                              |                                    |                                                                        | App\Http\Middleware\Authenticate             |
|        | POST      | surat/surat_keluar_konsep                                    | surat_keluar_konsep.store          | App\Http\Controllers\Surat\SuratKeluarKonsepController@store           | web                                          |
|        |           |                                                              |                                    |                                                                        | App\Http\Middleware\Authenticate             |
|        | GET|HEAD  | surat/surat_keluar_konsep/create                             | surat_keluar_konsep.create         | App\Http\Controllers\Surat\SuratKeluarKonsepController@create          | web                                          |
|        |           |                                                              |                                    |                                                                        | App\Http\Middleware\Authenticate             |
|        | GET|HEAD  | surat/surat_keluar_konsep/{surat_keluar_konsep}              | surat_keluar_konsep.show           | App\Http\Controllers\Surat\SuratKeluarKonsepController@show            | web                                          |
|        |           |                                                              |                                    |                                                                        | App\Http\Middleware\Authenticate             |
|        | PUT|PATCH | surat/surat_keluar_konsep/{surat_keluar_konsep}              | surat_keluar_konsep.update         | App\Http\Controllers\Surat\SuratKeluarKonsepController@update          | web                                          |
|        |           |                                                              |                                    |                                                                        | App\Http\Middleware\Authenticate             |
|        | DELETE    | surat/surat_keluar_konsep/{surat_keluar_konsep}              | surat_keluar_konsep.destroy        | App\Http\Controllers\Surat\SuratKeluarKonsepController@destroy         | web                                          |
|        |           |                                                              |                                    |                                                                        | App\Http\Middleware\Authenticate             |
|        | GET|HEAD  | surat/surat_keluar_konsep/{surat_keluar_konsep}/edit         | surat_keluar_konsep.edit           | App\Http\Controllers\Surat\SuratKeluarKonsepController@edit            | web                                          |
|        |           |                                                              |                                    |                                                                        | App\Http\Middleware\Authenticate             |
|        | GET|HEAD  | surat/surat_masuk                                            | surat_masuk.index                  | App\Http\Controllers\Surat\SuratMasukController@index                  | web                                          |
|        |           |                                                              |                                    |                                                                        | App\Http\Middleware\Authenticate             |
|        | POST      | surat/surat_masuk                                            | surat_masuk.store                  | App\Http\Controllers\Surat\SuratMasukController@store                  | web                                          |
|        |           |                                                              |                                    |                                                                        | App\Http\Middleware\Authenticate             |
|        | GET|HEAD  | surat/surat_masuk/create                                     | surat_masuk.create                 | App\Http\Controllers\Surat\SuratMasukController@create                 | web                                          |
|        |           |                                                              |                                    |                                                                        | App\Http\Middleware\Authenticate             |
|        | POST      | surat/surat_masuk/kirim                                      | surat.suratmasuk.kirimsurat        | App\Http\Controllers\Surat\SuratMasukController@kirimSurat             | web                                          |
|        |           |                                                              |                                    |                                                                        | App\Http\Middleware\Authenticate             |
|        | GET|HEAD  | surat/surat_masuk/{surat_masuk}                              | surat_masuk.show                   | App\Http\Controllers\Surat\SuratMasukController@show                   | web                                          |
|        |           |                                                              |                                    |                                                                        | App\Http\Middleware\Authenticate             |
|        | PUT|PATCH | surat/surat_masuk/{surat_masuk}                              | surat_masuk.update                 | App\Http\Controllers\Surat\SuratMasukController@update                 | web                                          |
|        |           |                                                              |                                    |                                                                        | App\Http\Middleware\Authenticate             |
|        | DELETE    | surat/surat_masuk/{surat_masuk}                              | surat_masuk.destroy                | App\Http\Controllers\Surat\SuratMasukController@destroy                | web                                          |
|        |           |                                                              |                                    |                                                                        | App\Http\Middleware\Authenticate             |
|        | GET|HEAD  | surat/surat_masuk/{surat_masuk}/edit                         | surat_masuk.edit                   | App\Http\Controllers\Surat\SuratMasukController@edit                   | web                                          |
|        |           |                                                              |                                    |                                                                        | App\Http\Middleware\Authenticate             |
|        | GET|HEAD  | surat/tembusan_surat                                         | tembusan_surat.index               | App\Http\Controllers\Surat\TembusanSuratController@index               | web                                          |
|        | POST      | surat/tembusan_surat                                         | tembusan_surat.store               | App\Http\Controllers\Surat\TembusanSuratController@store               | web                                          |
|        | GET|HEAD  | surat/tembusan_surat/create                                  | tembusan_surat.create              | App\Http\Controllers\Surat\TembusanSuratController@create              | web                                          |
|        | GET|HEAD  | surat/tembusan_surat/{tembusan_surat}                        | tembusan_surat.show                | App\Http\Controllers\Surat\TembusanSuratController@show                | web                                          |
|        | PUT|PATCH | surat/tembusan_surat/{tembusan_surat}                        | tembusan_surat.update              | App\Http\Controllers\Surat\TembusanSuratController@update              | web                                          |
|        | DELETE    | surat/tembusan_surat/{tembusan_surat}                        | tembusan_surat.destroy             | App\Http\Controllers\Surat\TembusanSuratController@destroy             | web                                          |
|        | GET|HEAD  | surat/tembusan_surat/{tembusan_surat}/edit                   | tembusan_surat.edit                | App\Http\Controllers\Surat\TembusanSuratController@edit                | web                                          |
|        | GET|HEAD  | surat/testjson/{id}                                          | surat.testJson                     | App\Http\Controllers\Surat\SuratKeluarKonsepController@testJson        | web                                          |
|        |           |                                                              |                                    |                                                                        | App\Http\Middleware\Authenticate             |
|        | GET|HEAD  | surat/updatejson/{id}                                        | surat.updatejson                   | App\Http\Controllers\Surat\SuratKeluarKonsepController@updatejson      | web                                          |
|        |           |                                                              |                                    |                                                                        | App\Http\Middleware\Authenticate             |
|        | GET|HEAD  | unit                                                         | unit.index                         | App\Http\Controllers\Surat\UnitController@index                        | web                                          |
|        | POST      | unit                                                         | unit.store                         | App\Http\Controllers\Surat\UnitController@store                        | web                                          |
|        | GET|HEAD  | unit/create                                                  | unit.create                        | App\Http\Controllers\Surat\UnitController@create                       | web                                          |
|        | GET|HEAD  | unit/{unit}                                                  | unit.show                          | App\Http\Controllers\Surat\UnitController@show                         | web                                          |
|        | PUT|PATCH | unit/{unit}                                                  | unit.update                        | App\Http\Controllers\Surat\UnitController@update                       | web                                          |
|        | DELETE    | unit/{unit}                                                  | unit.destroy                       | App\Http\Controllers\Surat\UnitController@destroy                      | web                                          |
|        | GET|HEAD  | unit/{unit}/edit                                             | unit.edit                          | App\Http\Controllers\Surat\UnitController@edit                         | web                                          |
|        | GET|HEAD  | user                                                         | user.index                         | App\Http\Controllers\UserController@index                              | web                                          |
|        | POST      | user                                                         | user.store                         | App\Http\Controllers\UserController@store                              | web                                          |
|        | GET|HEAD  | user/create                                                  | user.create                        | App\Http\Controllers\UserController@create                             | web                                          |
|        | GET|HEAD  | user/{user}                                                  | user.show                          | App\Http\Controllers\UserController@show                               | web                                          |
|        | PUT|PATCH | user/{user}                                                  | user.update                        | App\Http\Controllers\UserController@update                             | web                                          |
|        | DELETE    | user/{user}                                                  | user.destroy                       | App\Http\Controllers\UserController@destroy                            | web                                          |
|        | GET|HEAD  | user/{user}/edit                                             | user.edit                          | App\Http\Controllers\UserController@edit                               | web                                          |
+--------+-----------+--------------------------------------------------------------+------------------------------------+------------------------------------------------------------------------+----------------------------------------------+
